# JRE version: Java(TM) SE Runtime Environment (8.0_281-b09) (build 1.8.0_281-b09)
# Java VM: Java HotSpot(TM) 64-Bit Server VM (25.281-b09 mixed mode windows-amd64 compressed oops)
Heap:
 PSYoungGen      total 38400K, used 16446K [0x00000000d5d80000, 0x00000000d8800000, 0x0000000100000000)
  eden space 33280K, 34% used [0x00000000d5d80000,0x00000000d6892628,0x00000000d7e00000)
  from space 5120K, 99% used [0x00000000d8300000,0x00000000d87fd3c0,0x00000000d8800000)
  to   space 5120K, 0% used [0x00000000d7e00000,0x00000000d7e00000,0x00000000d8300000)
 ParOldGen       total 49152K, used 14329K [0x0000000081800000, 0x0000000084800000, 0x00000000d5d80000)
  object space 49152K, 29% used [0x0000000081800000,0x00000000825fe6a8,0x0000000084800000)
 Metaspace       used 33062K, capacity 33374K, committed 33664K, reserved 1079296K
  class space    used 3986K, capacity 4102K, committed 4224K, reserved 1048576K
GC Heap History (10 events):
Event: 6.315 GC heap before
{Heap before GC invocations=1 (full 0):
 PSYoungGen      total 38400K, used 33280K [0x00000000d5d80000, 0x00000000d8800000, 0x0000000100000000)
  eden space 33280K, 100% used [0x00000000d5d80000,0x00000000d7e00000,0x00000000d7e00000)
  from space 5120K, 0% used [0x00000000d8300000,0x00000000d8300000,0x00000000d8800000)
  to   space 5120K, 0% used [0x00000000d7e00000,0x00000000d7e00000,0x00000000d8300000)
 ParOldGen       total 87552K, used 0K [0x0000000081800000, 0x0000000086d80000, 0x00000000d5d80000)
  object space 87552K, 0% used [0x0000000081800000,0x0000000081800000,0x0000000086d80000)
 Metaspace       used 16884K, capacity 17126K, committed 17280K, reserved 1064960K
  class space    used 2105K, capacity 2171K, committed 2176K, reserved 1048576K
Event: 6.323 GC heap after
Heap after GC invocations=1 (full 0):
 PSYoungGen      total 38400K, used 5105K [0x00000000d5d80000, 0x00000000d8800000, 0x0000000100000000)
  eden space 33280K, 0% used [0x00000000d5d80000,0x00000000d5d80000,0x00000000d7e00000)
  from space 5120K, 99% used [0x00000000d7e00000,0x00000000d82fc790,0x00000000d8300000)
  to   space 5120K, 0% used [0x00000000d8300000,0x00000000d8300000,0x00000000d8800000)
 ParOldGen       total 87552K, used 2417K [0x0000000081800000, 0x0000000086d80000, 0x00000000d5d80000)
  object space 87552K, 2% used [0x0000000081800000,0x0000000081a5c480,0x0000000086d80000)
 Metaspace       used 16884K, capacity 17126K, committed 17280K, reserved 1064960K
  class space    used 2105K, capacity 2171K, committed 2176K, reserved 1048576K
}
Event: 96.897 GC heap before
{Heap before GC invocations=2 (full 0):
 PSYoungGen      total 38400K, used 30962K [0x00000000d5d80000, 0x00000000d8800000, 0x0000000100000000)
  eden space 33280K, 77% used [0x00000000d5d80000,0x00000000d76c00f0,0x00000000d7e00000)
  from space 5120K, 99% used [0x00000000d7e00000,0x00000000d82fc790,0x00000000d8300000)
  to   space 5120K, 0% used [0x00000000d8300000,0x00000000d8300000,0x00000000d8800000)
 ParOldGen       total 87552K, used 2417K [0x0000000081800000, 0x0000000086d80000, 0x00000000d5d80000)
  object space 87552K, 2% used [0x0000000081800000,0x0000000081a5c480,0x0000000086d80000)
 Metaspace       used 20824K, capacity 21112K, committed 21296K, reserved 1069056K
  class space    used 2632K, capacity 2688K, committed 2688K, reserved 1048576K
Event: 96.905 GC heap after
Heap after GC invocations=2 (full 0):
 PSYoungGen      total 38400K, used 5096K [0x00000000d5d80000, 0x00000000d8800000, 0x0000000100000000)
  eden space 33280K, 0% used [0x00000000d5d80000,0x00000000d5d80000,0x00000000d7e00000)
  from space 5120K, 99% used [0x00000000d8300000,0x00000000d87fa1b8,0x00000000d8800000)
  to   space 5120K, 0% used [0x00000000d7e00000,0x00000000d7e00000,0x00000000d8300000)
 ParOldGen       total 87552K, used 6774K [0x0000000081800000, 0x0000000086d80000, 0x00000000d5d80000)
  object space 87552K, 7% used [0x0000000081800000,0x0000000081e9da30,0x0000000086d80000)
 Metaspace       used 20824K, capacity 21112K, committed 21296K, reserved 1069056K
  class space    used 2632K, capacity 2688K, committed 2688K, reserved 1048576K
}
Event: 96.905 GC heap before
{Heap before GC invocations=3 (full 1):
 PSYoungGen      total 38400K, used 5096K [0x00000000d5d80000, 0x00000000d8800000, 0x0000000100000000)
  eden space 33280K, 0% used [0x00000000d5d80000,0x00000000d5d80000,0x00000000d7e00000)
  from space 5120K, 99% used [0x00000000d8300000,0x00000000d87fa1b8,0x00000000d8800000)
  to   space 5120K, 0% used [0x00000000d7e00000,0x00000000d7e00000,0x00000000d8300000)
 ParOldGen       total 87552K, used 6774K [0x0000000081800000, 0x0000000086d80000, 0x00000000d5d80000)
  object space 87552K, 7% used [0x0000000081800000,0x0000000081e9da30,0x0000000086d80000)
 Metaspace       used 20824K, capacity 21112K, committed 21296K, reserved 1069056K
  class space    used 2632K, capacity 2688K, committed 2688K, reserved 1048576K
Event: 96.943 GC heap after
Heap after GC invocations=3 (full 1):
 PSYoungGen      total 38400K, used 0K [0x00000000d5d80000, 0x00000000d8800000, 0x0000000100000000)
  eden space 33280K, 0% used [0x00000000d5d80000,0x00000000d5d80000,0x00000000d7e00000)
  from space 5120K, 0% used [0x00000000d8300000,0x00000000d8300000,0x00000000d8800000)
  to   space 5120K, 0% used [0x00000000d7e00000,0x00000000d7e00000,0x00000000d8300000)
 ParOldGen       total 49152K, used 10669K [0x0000000081800000, 0x0000000084800000, 0x00000000d5d80000)
  object space 49152K, 21% used [0x0000000081800000,0x000000008226b4c0,0x0000000084800000)
 Metaspace       used 20824K, capacity 21112K, committed 21296K, reserved 1069056K
  class space    used 2632K, capacity 2688K, committed 2688K, reserved 1048576K
}
Event: 97.510 GC heap before
{Heap before GC invocations=4 (full 1):
 PSYoungGen      total 38400K, used 33280K [0x00000000d5d80000, 0x00000000d8800000, 0x0000000100000000)
  eden space 33280K, 100% used [0x00000000d5d80000,0x00000000d7e00000,0x00000000d7e00000)
  from space 5120K, 0% used [0x00000000d8300000,0x00000000d8300000,0x00000000d8800000)
  to   space 5120K, 0% used [0x00000000d7e00000,0x00000000d7e00000,0x00000000d8300000)
 ParOldGen       total 49152K, used 10669K [0x0000000081800000, 0x0000000084800000, 0x00000000d5d80000)
  object space 49152K, 21% used [0x0000000081800000,0x000000008226b4c0,0x0000000084800000)
 Metaspace       used 24733K, capacity 25022K, committed 25344K, reserved 1071104K
  class space    used 3124K, capacity 3201K, committed 3328K, reserved 1048576K
Event: 97.514 GC heap after
Heap after GC invocations=4 (full 1):
 PSYoungGen      total 38400K, used 4248K [0x00000000d5d80000, 0x00000000d8800000, 0x0000000100000000)
  eden space 33280K, 0% used [0x00000000d5d80000,0x00000000d5d80000,0x00000000d7e00000)
  from space 5120K, 82% used [0x00000000d7e00000,0x00000000d82261c8,0x00000000d8300000)
  to   space 5120K, 0% used [0x00000000d8300000,0x00000000d8300000,0x00000000d8800000)
 ParOldGen       total 49152K, used 10677K [0x0000000081800000, 0x0000000084800000, 0x00000000d5d80000)
  object space 49152K, 21% used [0x0000000081800000,0x000000008226d4c0,0x0000000084800000)
 Metaspace       used 24733K, capacity 25022K, committed 25344K, reserved 1071104K
  class space    used 3124K, capacity 3201K, committed 3328K, reserved 1048576K
}
Event: 99.221 GC heap before
{Heap before GC invocations=5 (full 1):
 PSYoungGen      total 38400K, used 36250K [0x00000000d5d80000, 0x00000000d8800000, 0x0000000100000000)
  eden space 33280K, 96% used [0x00000000d5d80000,0x00000000d7cc06a8,0x00000000d7e00000)
  from space 5120K, 82% used [0x00000000d7e00000,0x00000000d82261c8,0x00000000d8300000)
  to   space 5120K, 0% used [0x00000000d8300000,0x00000000d8300000,0x00000000d8800000)
 ParOldGen       total 49152K, used 10677K [0x0000000081800000, 0x0000000084800000, 0x00000000d5d80000)
  object space 49152K, 21% used [0x0000000081800000,0x000000008226d4c0,0x0000000084800000)
 Metaspace       used 32395K, capacity 32670K, committed 33024K, reserved 1079296K
  class space    used 3914K, capacity 3974K, committed 4096K, reserved 1048576K
Event: 99.230 GC heap after
Heap after GC invocations=5 (full 1):
 PSYoungGen      total 38400K, used 5108K [0x00000000d5d80000, 0x00000000d8800000, 0x0000000100000000)
  eden space 33280K, 0% used [0x00000000d5d80000,0x00000000d5d80000,0x00000000d7e00000)
  from space 5120K, 99% used [0x00000000d8300000,0x00000000d87fd3c0,0x00000000d8800000)
  to   space 5120K, 0% used [0x00000000d7e00000,0x00000000d7e00000,0x00000000d8300000)
 ParOldGen       total 49152K, used 14329K [0x0000000081800000, 0x0000000084800000, 0x00000000d5d80000)
  object space 49152K, 29% used [0x0000000081800000,0x00000000825fe6a8,0x0000000084800000)
 Metaspace       used 32395K, capacity 32670K, committed 33024K, reserved 1079296K
  class space    used 3914K, capacity 3974K, committed 4096K, reserved 1048576K
}

